<?xml version="1.0" encoding="UTF-8"?>
<testng-results ignored="0" total="1" passed="1" failed="0" skipped="0">
  <reporter-output>
  </reporter-output>
  <suite started-at="2018-12-05T03:18:34Z" name="com.Maven.MavenTest" finished-at="2018-12-05T03:18:34Z" duration-ms="31">
    <groups>
    </groups>
    <test started-at="2018-12-05T03:18:34Z" name="Command line test" finished-at="2018-12-05T03:18:34Z" duration-ms="31">
      <class name="com.Maven.MavenTest">
        <test-method signature="hello()[pri:0, instance:com.Maven.MavenTest@654f0d9c]" started-at="2018-12-05T03:18:34Z" name="hello" finished-at="2018-12-05T03:18:34Z" duration-ms="7" status="PASS">
          <reporter-output>
          </reporter-output>
        </test-method> <!-- hello -->
      </class> <!-- com.Maven.MavenTest -->
    </test> <!-- Command line test -->
  </suite> <!-- com.Maven.MavenTest -->
</testng-results>
